<?xml version="1.0" encoding="UTF-8"?>
<!-- Generated by org.testng.reporters.JUnitReportReporter -->
<testsuite hostname="LAPTOP-H5UIH76F" failures="0" tests="1" name="Docker.ChromeTest1" time="40.933" errors="0" timestamp="2023-10-17T13:55:38 BST" skipped="0">
  <testcase classname="Docker.ChromeTest1" name="test1" time="40.933"/>
  <system-out/>
</testsuite> <!-- Docker.ChromeTest1 -->
