<?xml version="1.0" encoding="UTF-8"?>
<!-- Generated by org.testng.reporters.JUnitReportReporter -->
<testsuite hostname="LAPTOP-H5UIH76F" failures="0" tests="2" name="Docker.Setup_DockerGrid" time="20.036" errors="0" timestamp="2023-09-14T17:27:37 BST" skipped="0">
  <testcase classname="Docker.Setup_DockerGrid" name="startDockerGrid" time="15.025"/>
  <system-out/>
  <testcase classname="Docker.Setup_DockerGrid" name="stopDockerGrid" time="5.011"/>
  <system-out/>
</testsuite> <!-- Docker.Setup_DockerGrid -->
