<?xml version="1.0" encoding="UTF-8"?>
<!-- Generated by org.testng.reporters.JUnitReportReporter -->
<testsuite hostname="LAPTOP-H5UIH76F" failures="0" tests="1" name="Docker.ChromeTest3" time="67.127" errors="0" timestamp="2023-09-14T15:43:06 BST" skipped="0">
  <testcase classname="Docker.ChromeTest3" name="test3" time="67.127"/>
  <system-out/>
</testsuite> <!-- Docker.ChromeTest3 -->
