<?xml version="1.0" encoding="UTF-8"?>
<!-- Generated by org.testng.reporters.JUnitReportReporter -->
<testsuite hostname="LAPTOP-H5UIH76F" failures="0" tests="1" name="Docker.ChromeTest1" time="155.313" errors="0" timestamp="2023-09-16T16:57:11 BST" skipped="0">
  <testcase classname="Docker.ChromeTest1" name="test1" time="155.313"/>
  <system-out/>
</testsuite> <!-- Docker.ChromeTest1 -->
