<?xml version="1.0" encoding="UTF-8"?>
<!-- Generated by org.testng.reporters.JUnitReportReporter -->
<testsuite hostname="LAPTOP-H5UIH76F" failures="0" tests="1" name="Docker.EdgeTest5" time="123.706" errors="0" timestamp="2023-09-16T16:57:11 BST" skipped="0">
  <testcase classname="Docker.EdgeTest5" name="test5" time="123.706"/>
  <system-out/>
</testsuite> <!-- Docker.EdgeTest5 -->
