<?xml version="1.0" encoding="UTF-8"?>
<!-- Generated by org.testng.reporters.JUnitReportReporter -->
<testsuite hostname="LAPTOP-H5UIH76F" failures="0" tests="1" name="Docker.FirefoxTest4" time="130.515" errors="0" timestamp="2023-09-16T16:57:11 BST" skipped="0">
  <testcase classname="Docker.FirefoxTest4" name="test4" time="130.515"/>
  <system-out/>
</testsuite> <!-- Docker.FirefoxTest4 -->
